<?xml version="1.0" encoding="UTF-8"?>
<testsuite name="com.group.libraryapp.JunitTest" tests="4" skipped="0" failures="0" errors="0" timestamp="2023-07-15T05:09:15" hostname="gimbyeongjuui-MacBookPro.local" time="0.021">
  <properties/>
  <testcase name="divideTest()" classname="com.group.libraryapp.JunitTest" time="0.019"/>
  <testcase name="addTest()" classname="com.group.libraryapp.JunitTest" time="0.0"/>
  <testcase name="multiplyTest()" classname="com.group.libraryapp.JunitTest" time="0.0"/>
  <testcase name="minusTest()" classname="com.group.libraryapp.JunitTest" time="0.0"/>
  <system-out><![CDATA[]]></system-out>
  <system-err><![CDATA[]]></system-err>
</testsuite>
